2026-06-10 02:05:20,416 - WARNING - [B] Schlegel21_HNR: Stage 'Early-Post' has only 3/4 subjects (unbalanced data).
2026-06-10 02:05:29,784 - WARNING - [B] Schlegel21_PF: Stage 'Early-Post' has only 3/4 subjects (unbalanced data).
2026-06-10 02:05:31,272 - WARNING - [B] ddgfcc_0_std: Stage 'Early-Post' has only 3/4 subjects (unbalanced data).
2026-06-10 02:05:32,348 - WARNING - [B] ddmfcc_7_std: Stage 'Early-Post' has only 3/4 subjects (unbalanced data).
2026-06-10 02:05:33,744 - WARNING - [B] dpncc_1_std: Stage 'Early-Post' has only 3/4 subjects (unbalanced data).
2026-06-10 02:05:34,758 - WARNING - [B] dpncc_8_std: Stage 'Early-Post' has only 3/4 subjects (unbalanced data).
2026-06-10 02:05:35,926 - WARNING - [B] e_std: Stage 'Early-Post' has only 3/4 subjects (unbalanced data).
2026-06-10 02:05:36,774 - WARNING - [B] gfcc_0_mean: Stage 'Early-Post' has only 3/4 subjects (unbalanced data).
2026-06-10 02:05:37,712 - WARNING - [B] gfcc_10_mean: Stage 'Early-Post' has only 3/4 subjects (unbalanced data).
2026-06-10 02:05:38,618 - WARNING - [B] gfcc_1_std: Stage 'Early-Post' has only 3/4 subjects (unbalanced data).
2026-06-10 02:05:39,768 - WARNING - [B] gfcc_4_std: Stage 'Early-Post' has only 3/4 subjects (unbalanced data).
2026-06-10 02:05:41,157 - WARNING - [B] gfcc_6_mean: Stage 'Early-Post' has only 3/4 subjects (unbalanced data).
2026-06-10 02:05:43,420 - WARNING - [B] gfcc_7_mean: Stage 'Early-Post' has only 3/4 subjects (unbalanced data).
2026-06-10 02:05:44,970 - WARNING - [B] gfcc_7_std: Stage 'Early-Post' has only 3/4 subjects (unbalanced data).
2026-06-10 02:05:47,501 - WARNING - [B] gfcc_8_mean: Stage 'Early-Post' has only 3/4 subjects (unbalanced data).
2026-06-10 02:05:50,111 - WARNING - [B] jit_factor: Stage 'Early-Post' has only 3/4 subjects (unbalanced data).
2026-06-10 02:05:51,836 - WARNING - [B] lpc_11_mean: Stage 'Early-Post' has only 3/4 subjects (unbalanced data).
2026-06-10 02:05:53,356 - WARNING - [B] lpc_3_mean: Stage 'Early-Post' has only 3/4 subjects (unbalanced data).
2026-06-10 02:05:54,784 - WARNING - [B] lpc_4_mean: Stage 'Early-Post' has only 3/4 subjects (unbalanced data).
2026-06-10 02:05:55,902 - WARNING - [B] lpcc_10_mean: Stage 'Early-Post' has only 3/4 subjects (unbalanced data).
2026-06-10 02:05:57,168 - WARNING - [B] lpcc_2_mean: Stage 'Early-Post' has only 3/4 subjects (unbalanced data).
2026-06-10 02:05:58,442 - WARNING - [B] lpcc_4_mean: Stage 'Early-Post' has only 3/4 subjects (unbalanced data).
2026-06-10 02:05:59,651 - WARNING - [B] lpcc_5_mean: Stage 'Early-Post' has only 3/4 subjects (unbalanced data).
2026-06-10 02:06:00,831 - WARNING - [B] lpcc_6_mean: Stage 'Early-Post' has only 3/4 subjects (unbalanced data).
2026-06-10 02:06:02,035 - WARNING - [B] lpcc_7_std: Stage 'Early-Post' has only 3/4 subjects (unbalanced data).
2026-06-10 02:06:03,315 - WARNING - [B] lpcc_8_mean: Stage 'Early-Post' has only 3/4 subjects (unbalanced data).
2026-06-10 02:06:05,071 - WARNING - [B] lpcc_9_mean: Stage 'Early-Post' has only 3/4 subjects (unbalanced data).
2026-06-10 02:06:06,341 - WARNING - [B] lpcc_9_std: Stage 'Early-Post' has only 3/4 subjects (unbalanced data).
2026-06-10 02:06:07,541 - WARNING - [B] lsf_12_std: Stage 'Early-Post' has only 3/4 subjects (unbalanced data).
2026-06-10 02:06:08,679 - WARNING - [B] lsf_3_mean: Stage 'Early-Post' has only 3/4 subjects (unbalanced data).
2026-06-10 02:06:09,565 - WARNING - [B] lsf_4_std: Stage 'Early-Post' has only 3/4 subjects (unbalanced data).
2026-06-10 02:06:10,636 - WARNING - [B] lsf_5_mean: Stage 'Early-Post' has only 3/4 subjects (unbalanced data).
2026-06-10 02:06:11,695 - WARNING - [B] lsf_8_std: Stage 'Early-Post' has only 3/4 subjects (unbalanced data).
2026-06-10 02:06:13,539 - WARNING - [B] mfcc_11_mean: Stage 'Early-Post' has only 3/4 subjects (unbalanced data).
2026-06-10 02:06:14,892 - WARNING - [B] mfcc_1_mean: Stage 'Early-Post' has only 3/4 subjects (unbalanced data).
2026-06-10 02:06:16,008 - WARNING - [B] mfcc_2_mean: Stage 'Early-Post' has only 3/4 subjects (unbalanced data).
2026-06-10 02:06:17,293 - WARNING - [B] mfcc_2_std: Stage 'Early-Post' has only 3/4 subjects (unbalanced data).
2026-06-10 02:06:18,510 - WARNING - [B] mfcc_6_mean: Stage 'Early-Post' has only 3/4 subjects (unbalanced data).
2026-06-10 02:06:19,546 - WARNING - [B] mfcc_7_mean: Stage 'Early-Post' has only 3/4 subjects (unbalanced data).
2026-06-10 02:06:20,721 - WARNING - [B] plpcc_10_mean: Stage 'Early-Post' has only 3/4 subjects (unbalanced data).
2026-06-10 02:06:22,134 - WARNING - [B] plpcc_11_mean: Stage 'Early-Post' has only 3/4 subjects (unbalanced data).
2026-06-10 02:06:24,017 - WARNING - [B] plpcc_12_mean: Stage 'Early-Post' has only 3/4 subjects (unbalanced data).
2026-06-10 02:06:25,186 - WARNING - [B] plpcc_1_std: Stage 'Early-Post' has only 3/4 subjects (unbalanced data).
2026-06-10 02:06:26,643 - WARNING - [B] plpcc_4_std: Stage 'Early-Post' has only 3/4 subjects (unbalanced data).
2026-06-10 02:06:28,372 - WARNING - [B] plpcc_7_mean: Stage 'Early-Post' has only 3/4 subjects (unbalanced data).
2026-06-10 02:06:29,664 - WARNING - [B] pncc_4_std: Stage 'Early-Post' has only 3/4 subjects (unbalanced data).
2026-06-10 02:06:31,566 - WARNING - [B] pncc_6_mean: Stage 'Early-Post' has only 3/4 subjects (unbalanced data).
2026-06-10 02:06:33,473 - WARNING - [B] pncc_7_std: Stage 'Early-Post' has only 3/4 subjects (unbalanced data).
2026-06-10 02:06:36,113 - WARNING - [B] pncc_9_std: Stage 'Early-Post' has only 3/4 subjects (unbalanced data).
2026-06-10 02:06:37,859 - WARNING - [B] ppq5: Stage 'Early-Post' has only 3/4 subjects (unbalanced data).
2026-06-10 02:06:38,854 - WARNING - [B] s_contrast_band_1_mean: Stage 'Early-Post' has only 3/4 subjects (unbalanced data).
2026-06-10 02:06:40,608 - WARNING - [B] s_contrast_band_5_mean: Stage 'Early-Post' has only 3/4 subjects (unbalanced data).
2026-06-10 02:06:42,068 - WARNING - [B] s_contrast_band_7_mean: Stage 'Early-Post' has only 3/4 subjects (unbalanced data).
2026-06-10 02:06:43,309 - WARNING - [B] s_entropy_mean: Stage 'Early-Post' has only 3/4 subjects (unbalanced data).
2026-06-10 02:06:45,203 - WARNING - [B] s_flux_mean: Stage 'Early-Post' has only 3/4 subjects (unbalanced data).
2026-06-10 02:06:46,965 - WARNING - [B] s_logdist_std: Stage 'Early-Post' has only 3/4 subjects (unbalanced data).
2026-06-10 02:06:48,221 - WARNING - [B] ucla_flux: Stage 'Early-Post' has only 3/4 subjects (unbalanced data).
2026-06-10 02:06:49,340 - WARNING - [B] zcr_std: Stage 'Early-Post' has only 3/4 subjects (unbalanced data).
2026-06-10 02:06:50,563 - WARNING - [B] ucla_q50: Stage 'Early-Post' has only 3/4 subjects (unbalanced data).
2026-06-10 02:08:17,967 - WARNING - [S] Schlegel21_HNR: Stage 'Early-Post' has only 3/4 subjects (unbalanced data).
2026-06-10 02:08:19,346 - WARNING - [S] Schlegel21_PF: Stage 'Early-Post' has only 3/4 subjects (unbalanced data).
2026-06-10 02:08:20,619 - WARNING - [S] ddgfcc_0_std: Stage 'Early-Post' has only 3/4 subjects (unbalanced data).
2026-06-10 02:08:22,149 - WARNING - [S] ddmfcc_7_std: Stage 'Early-Post' has only 3/4 subjects (unbalanced data).
2026-06-10 02:08:23,699 - WARNING - [S] dpncc_1_std: Stage 'Early-Post' has only 3/4 subjects (unbalanced data).
2026-06-10 02:08:24,988 - WARNING - [S] dpncc_8_std: Stage 'Early-Post' has only 3/4 subjects (unbalanced data).
2026-06-10 02:08:26,236 - WARNING - [S] e_std: Stage 'Early-Post' has only 3/4 subjects (unbalanced data).
2026-06-10 02:08:27,326 - WARNING - [S] gfcc_0_mean: Stage 'Early-Post' has only 3/4 subjects (unbalanced data).
2026-06-10 02:08:28,510 - WARNING - [S] gfcc_10_mean: Stage 'Early-Post' has only 3/4 subjects (unbalanced data).
2026-06-10 02:08:29,291 - WARNING - [S] gfcc_1_std: Stage 'Early-Post' has only 3/4 subjects (unbalanced data).
2026-06-10 02:08:30,224 - WARNING - [S] gfcc_4_std: Stage 'Early-Post' has only 3/4 subjects (unbalanced data).
2026-06-10 02:08:31,234 - WARNING - [S] gfcc_6_mean: Stage 'Early-Post' has only 3/4 subjects (unbalanced data).
2026-06-10 02:08:32,363 - WARNING - [S] gfcc_7_mean: Stage 'Early-Post' has only 3/4 subjects (unbalanced data).
2026-06-10 02:08:33,265 - WARNING - [S] gfcc_7_std: Stage 'Early-Post' has only 3/4 subjects (unbalanced data).
2026-06-10 02:08:34,267 - WARNING - [S] gfcc_8_mean: Stage 'Early-Post' has only 3/4 subjects (unbalanced data).
2026-06-10 02:08:35,156 - WARNING - [S] jit_factor: Stage 'Early-Post' has only 3/4 subjects (unbalanced data).
2026-06-10 02:08:36,567 - WARNING - [S] lpc_11_mean: Stage 'Early-Post' has only 3/4 subjects (unbalanced data).
2026-06-10 02:08:37,400 - WARNING - [S] lpc_3_mean: Stage 'Early-Post' has only 3/4 subjects (unbalanced data).
2026-06-10 02:08:38,334 - WARNING - [S] lpc_4_mean: Stage 'Early-Post' has only 3/4 subjects (unbalanced data).
2026-06-10 02:08:39,152 - WARNING - [S] lpcc_10_mean: Stage 'Early-Post' has only 3/4 subjects (unbalanced data).
2026-06-10 02:08:40,249 - WARNING - [S] lpcc_2_mean: Stage 'Early-Post' has only 3/4 subjects (unbalanced data).
2026-06-10 02:08:41,080 - WARNING - [S] lpcc_4_mean: Stage 'Early-Post' has only 3/4 subjects (unbalanced data).
2026-06-10 02:08:41,951 - WARNING - [S] lpcc_5_mean: Stage 'Early-Post' has only 3/4 subjects (unbalanced data).
2026-06-10 02:08:42,769 - WARNING - [S] lpcc_6_mean: Stage 'Early-Post' has only 3/4 subjects (unbalanced data).
2026-06-10 02:08:43,922 - WARNING - [S] lpcc_7_std: Stage 'Early-Post' has only 3/4 subjects (unbalanced data).
2026-06-10 02:08:45,069 - WARNING - [S] lpcc_8_mean: Stage 'Early-Post' has only 3/4 subjects (unbalanced data).
2026-06-10 02:08:46,302 - WARNING - [S] lpcc_9_mean: Stage 'Early-Post' has only 3/4 subjects (unbalanced data).
2026-06-10 02:08:47,272 - WARNING - [S] lpcc_9_std: Stage 'Early-Post' has only 3/4 subjects (unbalanced data).
2026-06-10 02:08:48,247 - WARNING - [S] lsf_12_std: Stage 'Early-Post' has only 3/4 subjects (unbalanced data).
2026-06-10 02:08:49,348 - WARNING - [S] lsf_3_mean: Stage 'Early-Post' has only 3/4 subjects (unbalanced data).
2026-06-10 02:08:50,269 - WARNING - [S] lsf_4_std: Stage 'Early-Post' has only 3/4 subjects (unbalanced data).
2026-06-10 02:08:51,438 - WARNING - [S] lsf_5_mean: Stage 'Early-Post' has only 3/4 subjects (unbalanced data).
2026-06-10 02:08:52,390 - WARNING - [S] lsf_8_std: Stage 'Early-Post' has only 3/4 subjects (unbalanced data).
2026-06-10 02:08:53,847 - WARNING - [S] mfcc_11_mean: Stage 'Early-Post' has only 3/4 subjects (unbalanced data).
2026-06-10 02:08:55,461 - WARNING - [S] mfcc_1_mean: Stage 'Early-Post' has only 3/4 subjects (unbalanced data).
2026-06-10 02:08:56,986 - WARNING - [S] mfcc_2_mean: Stage 'Early-Post' has only 3/4 subjects (unbalanced data).
2026-06-10 02:08:58,085 - WARNING - [S] mfcc_2_std: Stage 'Early-Post' has only 3/4 subjects (unbalanced data).
2026-06-10 02:08:59,352 - WARNING - [S] mfcc_6_mean: Stage 'Early-Post' has only 3/4 subjects (unbalanced data).
2026-06-10 02:09:00,439 - WARNING - [S] mfcc_7_mean: Stage 'Early-Post' has only 3/4 subjects (unbalanced data).
2026-06-10 02:09:01,725 - WARNING - [S] plpcc_10_mean: Stage 'Early-Post' has only 3/4 subjects (unbalanced data).
2026-06-10 02:09:02,947 - WARNING - [S] plpcc_11_mean: Stage 'Early-Post' has only 3/4 subjects (unbalanced data).
2026-06-10 02:09:04,235 - WARNING - [S] plpcc_12_mean: Stage 'Early-Post' has only 3/4 subjects (unbalanced data).
2026-06-10 02:09:05,546 - WARNING - [S] plpcc_1_std: Stage 'Early-Post' has only 3/4 subjects (unbalanced data).
2026-06-10 02:09:06,784 - WARNING - [S] plpcc_4_std: Stage 'Early-Post' has only 3/4 subjects (unbalanced data).
2026-06-10 02:09:08,172 - WARNING - [S] plpcc_7_mean: Stage 'Early-Post' has only 3/4 subjects (unbalanced data).
2026-06-10 02:09:09,891 - WARNING - [S] pncc_4_std: Stage 'Early-Post' has only 3/4 subjects (unbalanced data).
2026-06-10 02:09:11,424 - WARNING - [S] pncc_6_mean: Stage 'Early-Post' has only 3/4 subjects (unbalanced data).
2026-06-10 02:09:12,635 - WARNING - [S] pncc_7_std: Stage 'Early-Post' has only 3/4 subjects (unbalanced data).
2026-06-10 02:09:13,956 - WARNING - [S] pncc_9_std: Stage 'Early-Post' has only 3/4 subjects (unbalanced data).
2026-06-10 02:09:15,001 - WARNING - [S] ppq5: Stage 'Early-Post' has only 3/4 subjects (unbalanced data).
2026-06-10 02:09:15,862 - WARNING - [S] s_contrast_band_1_mean: Stage 'Early-Post' has only 3/4 subjects (unbalanced data).
2026-06-10 02:09:16,745 - WARNING - [S] s_contrast_band_5_mean: Stage 'Early-Post' has only 3/4 subjects (unbalanced data).
2026-06-10 02:09:17,452 - WARNING - [S] s_contrast_band_7_mean: Stage 'Early-Post' has only 3/4 subjects (unbalanced data).
2026-06-10 02:09:18,352 - WARNING - [S] s_entropy_mean: Stage 'Early-Post' has only 3/4 subjects (unbalanced data).
2026-06-10 02:09:19,228 - WARNING - [S] s_flux_mean: Stage 'Early-Post' has only 3/4 subjects (unbalanced data).
2026-06-10 02:09:20,181 - WARNING - [S] s_logdist_std: Stage 'Early-Post' has only 3/4 subjects (unbalanced data).
2026-06-10 02:09:21,100 - WARNING - [S] ucla_flux: Stage 'Early-Post' has only 3/4 subjects (unbalanced data).
2026-06-10 02:09:21,972 - WARNING - [S] zcr_std: Stage 'Early-Post' has only 3/4 subjects (unbalanced data).
2026-06-10 02:09:22,701 - WARNING - [S] ucla_q50: Stage 'Early-Post' has only 3/4 subjects (unbalanced data).
