[2026-06-09 18:27:36] Read input: rows = 1486, cols = 55
[2026-06-09 18:27:36] Renamed Pig_ID to Subject
[2026-06-09 18:27:36] Metadata columns validated: OK
[2026-06-09 18:27:36] Feature columns identified: 50
[2026-06-09 18:27:36] Saved: feature_missingness.xlsx
[2026-06-09 18:27:38] Saved: data_audit_counts.xlsx
[2026-06-09 18:27:43] Saved: subject_stage_counts_heatmap.png
[2026-06-09 18:31:20] Saved: lmm_type3_anova_all_features.xlsx
[2026-06-09 18:31:20] Saved: lmm_fixed_effects_all_features.xlsx
[2026-06-09 18:31:20] Saved: lmm_random_effects_all_features.xlsx
[2026-06-09 18:31:20] Saved: lmm_lsmeans_stage_treatment_all_features.xlsx
[2026-06-09 18:31:20] Saved: lmm_pairwise_treatment_within_stage.xlsx
[2026-06-09 18:31:20] Saved: lmm_pairwise_stage_within_treatment.xlsx
[2026-06-09 18:31:20] Saved: raw_means_by_stage_treatment_all_features.xlsx
[2026-06-09 18:31:20] Saved: lmm_model_status_log.xlsx
[2026-06-09 18:31:23] Saved: secondary_kruskal_treatment_within_stage.xlsx (200 rows)
[2026-06-09 18:31:31] Saved: secondary_wilcoxon_pre_vs_post_within_subject.xlsx (850 rows)
[2026-06-09 18:31:31] Saved: main_lmm_summary_for_manuscript.xlsx
[2026-06-09 18:31:31] Saved: lsmeans_for_manuscript.xlsx
[2026-06-09 18:31:31] Saved: raw_descriptives_for_manuscript.xlsx
[2026-06-09 18:31:31] Saved: statistical_methods_draft.md
[2026-06-09 18:31:57] Saved: lmm_diagnostics_summary.xlsx (50 rows)
[2026-06-09 18:32:32] Saved: lmm_interaction_pvalue_adjustments
[2026-06-09 18:32:34] Updated: main_lmm_summary_for_manuscript.xlsx (added adj p-values + AIC/BIC/logLik)
[2026-06-09 18:32:34] Updated: raw_means_by_stage_treatment_all_features.xlsx (added SE, 95% CI)
[2026-06-09 18:32:34] Saved: analysis_dataset.csv
[2026-06-09 18:32:34] Saved: feature_inventory.csv
[2026-06-09 18:33:31] Read input: rows = 1486, cols = 55
[2026-06-09 18:33:31] Renamed Pig_ID to Subject
[2026-06-09 18:33:31] Metadata columns validated: OK
[2026-06-09 18:33:31] Feature columns identified: 50
[2026-06-09 18:33:31] Saved: feature_missingness.xlsx
[2026-06-09 18:33:31] Saved: data_audit_counts.xlsx
[2026-06-09 18:33:32] Saved: subject_stage_counts_heatmap.png
[2026-06-09 18:33:32] Saved: lmm_interaction_pvalue_adjustments
[2026-06-09 18:33:33] Updated: main_lmm_summary_for_manuscript.xlsx (added adj p-values + AIC/BIC/logLik)
[2026-06-09 18:33:33] Updated: raw_means_by_stage_treatment_all_features.xlsx (added SE, 95% CI)
[2026-06-09 18:33:34] Saved: analysis_dataset.csv
[2026-06-09 18:33:34] Saved: feature_inventory.csv
[2026-06-09 18:33:34] Saved: pair_level_wilcoxon_summary.csv
[2026-06-09 18:33:34] Saved: model_failures.csv (0 entries)
[2026-06-09 18:35:14] Read input: rows = 1486, cols = 55
[2026-06-09 18:35:14] Renamed Pig_ID to Subject
[2026-06-09 18:35:14] Metadata columns validated: OK
[2026-06-09 18:35:14] Feature columns identified: 50
[2026-06-09 18:35:14] Saved: feature_missingness.xlsx
[2026-06-09 18:35:15] Saved: data_audit_counts.xlsx
[2026-06-09 18:35:15] Saved: subject_stage_counts_heatmap.png
[2026-06-09 18:35:29] Read input: rows = 1486, cols = 55
[2026-06-09 18:35:30] Renamed Pig_ID to Subject
[2026-06-09 18:35:30] Metadata columns validated: OK
[2026-06-09 18:35:30] Feature columns identified: 50
[2026-06-09 18:35:30] Saved: feature_missingness.xlsx
[2026-06-09 18:35:31] Saved: data_audit_counts.xlsx
[2026-06-09 18:35:32] Saved: subject_stage_counts_heatmap.png
[2026-06-09 18:35:56] Read input: rows = 1486, cols = 55
[2026-06-09 18:35:56] Renamed Pig_ID to Subject
[2026-06-09 18:35:56] Metadata columns validated: OK
[2026-06-09 18:35:56] Feature columns identified: 50
[2026-06-09 18:35:56] Saved: feature_missingness.xlsx
[2026-06-09 18:35:57] Saved: data_audit_counts.xlsx
[2026-06-09 18:35:58] Saved: subject_stage_counts_heatmap.png
[2026-06-09 18:39:59] Read input: rows = 1486, cols = 55
[2026-06-09 18:39:59] Renamed Pig_ID to Subject
[2026-06-09 18:39:59] Metadata columns validated: OK
[2026-06-09 18:39:59] Feature columns identified: 50
[2026-06-09 18:39:59] Saved: feature_missingness.xlsx
[2026-06-09 18:40:00] Saved: data_audit_counts.xlsx
[2026-06-09 18:40:01] Saved: subject_stage_counts_heatmap.png
[2026-06-09 18:40:46] Read input: rows = 1486, cols = 55
[2026-06-09 18:40:46] Renamed Pig_ID to Subject
[2026-06-09 18:40:46] Metadata columns validated: OK
[2026-06-09 18:40:46] Feature columns identified: 50
[2026-06-09 18:40:46] Saved: feature_missingness.xlsx
[2026-06-09 18:40:47] Saved: data_audit_counts.xlsx
[2026-06-09 18:40:47] Saved: subject_stage_counts_heatmap.png
[2026-06-09 18:40:48] Saved: lmm_interaction_pvalue_adjustments
[2026-06-09 18:40:49] Updated: main_lmm_summary_for_manuscript.xlsx (added adj p-values + AIC/BIC/logLik)
[2026-06-09 18:40:49] Updated: raw_means_by_stage_treatment_all_features.xlsx (added SE, 95% CI)
[2026-06-09 18:40:49] Saved: analysis_dataset.csv
[2026-06-09 18:40:49] Saved: feature_inventory.csv
[2026-06-09 18:40:49] Saved: pair_level_wilcoxon_summary.csv
[2026-06-09 18:40:49] Saved: model_failures.csv (0 entries)
[2026-06-09 18:40:49] Saved: Table_LMM_Main_Results.xlsx
[2026-06-09 18:40:49] Saved: Table_Raw_and_LSMeans.xlsx
[2026-06-09 18:40:49] Saved: Methods_Statistical_Analysis.txt
[2026-06-09 18:40:51] Saved: treatment_stage_counts_bar.png/pdf
[2026-06-09 18:40:52] Saved: PDF trajectory plots for key features (1)
[2026-06-09 18:40:54] Saved: top_features_interaction_faceted.png/pdf
[2026-06-09 18:40:54] Saved: squeal_counts_by_pig_stage.csv, squeal_counts_by_treatment_stage.csv
[2026-06-09 18:40:54] Saved: lmm_fixed_effects_summary.csv
[2026-06-09 18:40:55] Saved: lmm_model_diagnostics.csv
[2026-06-09 18:40:55] Saved: emmeans_stage_treatment.csv
[2026-06-09 18:40:55] Saved: contrasts_treatment_within_stage.csv, contrasts_stage_within_treatment.csv
[2026-06-09 19:51:14] Read input: rows = 1486, cols = 55
[2026-06-09 19:51:15] Renamed Pig_ID to Subject
[2026-06-09 19:51:15] Metadata columns validated: OK
[2026-06-09 19:51:15] Feature columns identified: 50
[2026-06-09 19:51:15] Saved: feature_missingness.xlsx
[2026-06-09 19:51:17] Saved: data_audit_counts.xlsx
[2026-06-09 19:51:19] Saved: subject_stage_counts_heatmap.png (Original + LS_Mean)
[2026-06-09 19:52:27] Saved: lmm_interaction_pvalue_adjustments
[2026-06-09 19:52:29] Updated: main_lmm_summary_for_manuscript.xlsx (added adj p-values + AIC/BIC/logLik)
[2026-06-09 19:52:29] Updated: raw_means_by_stage_treatment_all_features.xlsx (added SE, 95% CI)
[2026-06-09 19:52:29] Saved: analysis_dataset.csv
[2026-06-09 19:52:30] Saved: feature_inventory.csv
[2026-06-09 19:52:30] Saved: pair_level_wilcoxon_summary.csv
[2026-06-09 19:52:30] Saved: model_failures.csv (0 entries)
[2026-06-09 19:52:30] Saved: Table_LMM_Main_Results.xlsx
[2026-06-09 19:52:30] Saved: Table_Raw_and_LSMeans.xlsx
[2026-06-09 19:52:30] Saved: Methods_Statistical_Analysis.txt
[2026-06-09 19:52:31] Saved: treatment_stage_counts_bar.png/pdf (Original + LS_Mean)
[2026-06-09 19:52:33] Saved: PDF trajectory plots for key features (1)
[2026-06-09 19:52:40] Saved: top_features_interaction_faceted.png/pdf (Original + LS_Mean)
[2026-06-09 19:52:40] Saved: squeal_counts_by_pig_stage.csv, squeal_counts_by_treatment_stage.csv
[2026-06-09 19:52:40] Saved: lmm_fixed_effects_summary.csv
[2026-06-09 19:52:40] Saved: lmm_model_diagnostics.csv
[2026-06-09 19:52:40] Saved: emmeans_stage_treatment.csv
[2026-06-09 19:52:40] Saved: contrasts_treatment_within_stage.csv, contrasts_stage_within_treatment.csv
[2026-06-09 19:55:40] Read input: rows = 1486, cols = 55
[2026-06-09 19:55:40] Renamed Pig_ID to Subject
[2026-06-09 19:55:40] Metadata columns validated: OK
[2026-06-09 19:55:40] Feature columns identified: 50
[2026-06-09 19:55:40] Saved: feature_missingness.xlsx
[2026-06-09 19:55:41] Saved: data_audit_counts.xlsx
[2026-06-09 19:55:42] Saved: subject_stage_counts_heatmap.png (Original + LS_Mean)
[2026-06-09 19:56:44] Saved: lmm_interaction_pvalue_adjustments
[2026-06-09 19:56:46] Updated: main_lmm_summary_for_manuscript.xlsx (added adj p-values + AIC/BIC/logLik)
[2026-06-09 19:56:46] Updated: raw_means_by_stage_treatment_all_features.xlsx (added SE, 95% CI)
[2026-06-09 19:56:46] Saved: analysis_dataset.csv
[2026-06-09 19:56:46] Saved: feature_inventory.csv
[2026-06-09 19:56:46] Saved: pair_level_wilcoxon_summary.csv
[2026-06-09 19:56:46] Saved: model_failures.csv (0 entries)
[2026-06-09 19:56:46] Saved: Table_LMM_Main_Results.xlsx
[2026-06-09 19:56:47] Saved: Table_Raw_and_LSMeans.xlsx
[2026-06-09 19:56:47] Saved: Methods_Statistical_Analysis.txt
[2026-06-09 19:56:48] Saved: treatment_stage_counts_bar.png/pdf (Original + LS_Mean)
[2026-06-09 19:56:49] Saved: PDF trajectory plots for key features (1)
[2026-06-09 19:56:56] Saved: top_features_interaction_faceted.png/pdf (Original + LS_Mean)
[2026-06-09 19:56:56] Saved: squeal_counts_by_pig_stage.csv, squeal_counts_by_treatment_stage.csv
[2026-06-09 19:56:56] Saved: lmm_fixed_effects_summary.csv
[2026-06-09 19:56:56] Saved: lmm_model_diagnostics.csv
[2026-06-09 19:56:56] Saved: emmeans_stage_treatment.csv
[2026-06-09 19:56:56] Saved: contrasts_treatment_within_stage.csv, contrasts_stage_within_treatment.csv
[2026-06-09 19:57:38] Saved: key_features_spaghetti_panel.png/pdf
[2026-06-09 23:43:37] Read input: rows = 1486, cols = 55
[2026-06-09 23:43:37] Renamed Pig_ID to Subject
[2026-06-09 23:43:37] Metadata columns validated: OK
[2026-06-09 23:43:37] Feature columns identified: 50
[2026-06-09 23:43:37] Saved: feature_missingness.xlsx
[2026-06-09 23:43:39] Saved: data_audit_counts.xlsx
[2026-06-09 23:43:42] Saved: subject_stage_counts_heatmap.png (Original + LS_Mean)
[2026-06-09 23:47:57] Saved: key_features_spaghetti_panel.png/pdf
